<?xml version="1.0" encoding="UTF-8"?>
<testsuite xmlns:xsi="http://www.w3.org/2001/XMLSchema-instance" xsi:noNamespaceSchemaLocation="https://maven.apache.org/surefire/maven-surefire-plugin/xsd/surefire-test-report.xsd" name="dut.hovanvy.myjunittestdemo.AssumptionsDemo" time="0.033" tests="2" errors="0" skipped="1" failures="0">
  <properties>
[...]
</properties>
  <testcase name="testInAllEnvironments" classname="dut.hovanvy.myjunittestdemo.AssumptionsDemo" time="0.017"/>
  <testcase name="testOnlyOnCiServer" classname="dut.hovanvy.myjunittestdemo.AssumptionsDemo" time="0">
    <skipped message="Assumption failed: assumption is not true" type="org.opentest4j.TestAbortedException">org.opentest4j.TestAbortedException: Assumption failed: assumption is not true
	at dut.hovanvy.myjunittestdemo.AssumptionsDemo.testOnlyOnCiServer(AssumptionsDemo.java:22)
</skipped>
  </testcase>
</testsuite>